<?xml version="1.0" encoding="UTF-8"?>
<!-- Generated by org.testng.reporters.JUnitReportReporter -->
<testsuite hostname="user" failures="0" tests="1" name="testscript.AdminTest" time="11.617" errors="0" timestamp="2025-09-02T20:20:26 IST" skipped="0">
  <testcase classname="testscript.AdminTest" name="AddUser" time="11.617"/>
</testsuite> <!-- testscript.AdminTest -->
