<?xml version="1.0" encoding="UTF-8"?>
<!-- Generated by org.testng.reporters.JUnitReportReporter -->
<testsuite hostname="user" failures="0" tests="1" name="testscript.HomeTest" time="7.087" errors="0" timestamp="2025-09-17T13:01:47 IST" skipped="0">
  <testcase classname="testscript.HomeTest" name="verifyTest" time="7.087"/>
</testsuite> <!-- testscript.HomeTest -->
