<?xml version="1.0" encoding="UTF-8"?>
<!-- Generated by org.testng.reporters.JUnitReportReporter -->
<testsuite hostname="user" failures="0" tests="6" name="testscript.LoginTest" time="21.277" errors="0" timestamp="2025-09-17T14:21:30 IST" skipped="0">
  <testcase classname="testscript.LoginTest" name="verifyloginwithValidCredentials" time="3.728"/>
  <testcase classname="testscript.LoginTest" name="validusernameinvalidpassword" time="3.731"/>
  <testcase classname="testscript.LoginTest" name="inalidusernameValidpassword1" time="3.606"/>
  <testcase classname="testscript.LoginTest" name="invalidusernameInvalidpassword2" time="3.441"/>
  <testcase classname="testscript.LoginTest" name="invalidusernameInvalidpassword2" time="3.317"/>
  <testcase classname="testscript.LoginTest" name="invalidusernameInvalidpassword2" time="3.454"/>
</testsuite> <!-- testscript.LoginTest -->
