<?xml version="1.0" encoding="UTF-8"?>
<!-- Generated by org.testng.reporters.JUnitReportReporter -->
<testsuite hostname="user" failures="0" tests="1" name="testscript.HomeTest" time="7.554" errors="0" timestamp="2025-09-17T14:21:30 IST" skipped="0">
  <testcase classname="testscript.HomeTest" name="verifyTest" time="7.554"/>
</testsuite> <!-- testscript.HomeTest -->
