<?xml version="1.0" encoding="UTF-8"?>
<!-- Generated by org.testng.reporters.JUnitReportReporter -->
<testsuite hostname="user" failures="0" tests="6" name="testscript.LoginTest" time="23.244" errors="0" timestamp="2025-09-17T13:01:47 IST" skipped="0">
  <testcase classname="testscript.LoginTest" name="verifyloginwithValidCredentials" time="5.597"/>
  <testcase classname="testscript.LoginTest" name="validusernameinvalidpassword" time="3.634"/>
  <testcase classname="testscript.LoginTest" name="inalidusernameValidpassword1" time="3.585"/>
  <testcase classname="testscript.LoginTest" name="invalidusernameInvalidpassword2" time="3.504"/>
  <testcase classname="testscript.LoginTest" name="invalidusernameInvalidpassword2" time="3.508"/>
  <testcase classname="testscript.LoginTest" name="invalidusernameInvalidpassword2" time="3.416"/>
</testsuite> <!-- testscript.LoginTest -->
