<?xml version="1.0" encoding="UTF-8"?>
<!-- Generated by org.testng.reporters.JUnitReportReporter -->
<testsuite hostname="user" failures="0" tests="1" name="testscript.ManageNewsTest" time="22.433" errors="0" timestamp="2025-09-01T11:31:59 IST" skipped="0">
  <testcase classname="testscript.ManageNewsTest" name="verifySearchfunctionality" time="22.433"/>
</testsuite> <!-- testscript.ManageNewsTest -->
