<?xml version="1.0" encoding="UTF-8"?>
<!-- Generated by org.testng.reporters.JUnitReportReporter -->
<testsuite hostname="user" failures="0" tests="6" name="testscript.LoginTest" time="51.311" errors="0" timestamp="2025-09-15T13:34:37 IST" skipped="0">
  <testcase classname="testscript.LoginTest" name="invalidusernameInvalidpassword2" time="5.233"/>
  <testcase classname="testscript.LoginTest" name="invalidusernameInvalidpassword2" time="9.557"/>
  <testcase classname="testscript.LoginTest" name="invalidusernameInvalidpassword2" time="6.048"/>
  <testcase classname="testscript.LoginTest" name="invalidusernameInvalidpassword2" time="5.234"/>
  <testcase classname="testscript.LoginTest" name="invalidusernameInvalidpassword2" time="14.816"/>
  <testcase classname="testscript.LoginTest" name="invalidusernameInvalidpassword2" time="10.423"/>
</testsuite> <!-- testscript.LoginTest -->
