<?xml version="1.0" encoding="UTF-8"?>
<!-- Generated by org.testng.reporters.JUnitReportReporter -->
<testsuite hostname="user" failures="0" tests="1" name="testscript.AdminTest" time="27.406" errors="0" timestamp="2025-08-28T11:05:04 IST" skipped="0">
  <testcase classname="testscript.AdminTest" name="AddUser" time="27.406"/>
</testsuite> <!-- testscript.AdminTest -->
