<?xml version="1.0" encoding="UTF-8"?>
<!-- Generated by org.testng.reporters.JUnitReportReporter -->
<testsuite hostname="user" failures="0" tests="1" name="testscript.AdminTest" time="6.512" errors="0" timestamp="2025-09-17T13:01:47 IST" skipped="0">
  <testcase classname="testscript.AdminTest" name="AddUser" time="6.512"/>
</testsuite> <!-- testscript.AdminTest -->
