<?xml version="1.0" encoding="UTF-8"?>
<!-- Generated by org.testng.reporters.JUnitReportReporter -->
<testsuite hostname="user" failures="0" tests="4" name="testscript.ManageNewsTest" time="20.121" errors="0" timestamp="2025-09-17T14:21:30 IST" skipped="0">
  <testcase classname="testscript.ManageNewsTest" name="verifyAddNews" time="5.038"/>
  <testcase classname="testscript.ManageNewsTest" name="verifyResetfunctionality" time="4.941"/>
  <testcase classname="testscript.ManageNewsTest" name="verifyHomefunctionality" time="5.147"/>
  <testcase classname="testscript.ManageNewsTest" name="verifySearchfunctionality" time="4.995"/>
</testsuite> <!-- testscript.ManageNewsTest -->
