<?xml version="1.0" encoding="UTF-8"?>
<!-- Generated by org.testng.reporters.JUnitReportReporter -->
<testsuite hostname="user" failures="0" tests="1" name="testscript.LoginTest" time="4.647" errors="0" timestamp="2025-08-28T09:13:46 IST" skipped="0">
  <testcase classname="testscript.LoginTest" name="validusernameinvalidpassword" time="4.647"/>
</testsuite> <!-- testscript.LoginTest -->
