<?xml version="1.0" encoding="UTF-8"?>
<!-- Generated by org.testng.reporters.JUnitReportReporter -->
<testsuite hostname="user" failures="0" tests="1" name="testscript.HomeTest" time="11.313" errors="0" timestamp="2025-08-28T11:02:24 IST" skipped="0">
  <testcase classname="testscript.HomeTest" name="verifyTest" time="11.313"/>
</testsuite> <!-- testscript.HomeTest -->
