<?xml version="1.0" encoding="UTF-8"?>
<!-- Generated by org.testng.reporters.JUnitReportReporter -->
<testsuite hostname="user" failures="0" tests="4" name="testscript.ManageNewsTest" time="21.875" errors="0" timestamp="2025-09-17T13:41:13 IST" skipped="0">
  <testcase classname="testscript.ManageNewsTest" name="verifyAddNews" time="7.633"/>
  <testcase classname="testscript.ManageNewsTest" name="verifySearchfunctionality" time="4.848"/>
  <testcase classname="testscript.ManageNewsTest" name="verifyHomefunctionality" time="4.534"/>
  <testcase classname="testscript.ManageNewsTest" name="verifyResetfunctionality" time="4.860"/>
</testsuite> <!-- testscript.ManageNewsTest -->
