<?xml version="1.0" encoding="UTF-8"?>
<!-- Generated by org.testng.reporters.JUnitReportReporter -->
<testsuite hostname="user" failures="0" tests="5" name="testscript.LoginTest" time="41.316" errors="0" timestamp="2025-09-02T09:28:26 IST" skipped="0">
  <testcase classname="testscript.LoginTest" name="verifyloginwithValidCredentials" time="8.942"/>
  <testcase classname="testscript.LoginTest" name="validusernameinvalidpassword" time="8.069"/>
  <testcase classname="testscript.LoginTest" name="inalidusernameValidpassword1" time="7.381"/>
  <testcase classname="testscript.LoginTest" name="invalidusernameInvalidpassword2" time="9.091"/>
  <testcase classname="testscript.LoginTest" name="invalidusernameInvalidpassword3" time="7.833"/>
</testsuite> <!-- testscript.LoginTest -->
